[13/10/2021 01:56:37] - [CRITICAL] - <class 'SystemExit'> 
[13/10/2021 03:05:31] - [CRITICAL] - <class 'SystemExit'> 
[19/10/2021 10:53:26] - [CRITICAL] - <class 'SystemExit'> 
[19/10/2021 14:08:58] - [CRITICAL] - <class 'SystemExit'> 
[19/10/2021 14:17:33] - [CRITICAL] - <class 'SystemExit'> 
[19/10/2021 14:18:16] - [CRITICAL] - <class 'SystemExit'> 
[19/10/2021 15:31:44] - [CRITICAL] - <class 'SystemExit'> 
[19/10/2021 15:37:06] - [CRITICAL] - <class 'SystemExit'> 
[19/10/2021 15:44:02] - [CRITICAL] - <class 'argparse.ArgumentError'> 
[19/10/2021 15:44:06] - [CRITICAL] - <class 'argparse.ArgumentError'> 
[19/10/2021 15:45:03] - [CRITICAL] - <class 'argparse.ArgumentError'> 
[19/10/2021 15:45:04] - [CRITICAL] - <class 'argparse.ArgumentError'> 
[19/10/2021 15:46:29] - [CRITICAL] - <class 'argparse.ArgumentError'> 
[19/10/2021 15:47:30] - [CRITICAL] - <class 'SystemExit'> 
[19/10/2021 15:54:11] - [CRITICAL] - <class 'SystemExit'> 
[19/10/2021 17:02:04] - [CRITICAL] - <class 'SystemExit'> 
[19/10/2021 17:19:06] - [CRITICAL] - <class 'AttributeError'> 
[19/10/2021 17:19:54] - [CRITICAL] - <class 'NameError'> 
[19/10/2021 17:22:39] - [CRITICAL] - <class 'TypeError'> 
[19/10/2021 17:24:01] - [CRITICAL] - <class 'TypeError'> 
[19/10/2021 17:49:17] - [CRITICAL] - <class 'SystemExit'> 
[19/10/2021 17:49:27] - [CRITICAL] - <class 'SystemExit'> 
[19/10/2021 17:49:43] - [CRITICAL] - <class 'SystemExit'> 
[19/10/2021 17:53:32] - [CRITICAL] - <class 'SystemExit'> 
[19/10/2021 17:56:03] - [CRITICAL] - <class 'KeyError'> 
[19/10/2021 17:56:06] - [CRITICAL] - <class 'KeyError'> 
[19/10/2021 17:58:48] - [CRITICAL] - <class 'SystemExit'> 
[19/10/2021 18:06:05] - [CRITICAL] - <class 'KeyError'> 
[19/10/2021 18:06:13] - [CRITICAL] - <class 'KeyError'> 
[19/10/2021 18:06:24] - [CRITICAL] - <class 'KeyError'> 
[19/10/2021 18:08:01] - [CRITICAL] - <class 'KeyError'> 
[19/10/2021 18:09:25] - [CRITICAL] - <class 'KeyError'> 
[19/10/2021 18:09:33] - [CRITICAL] - <class 'KeyError'> 
[19/10/2021 18:10:41] - [CRITICAL] - <class 'KeyError'> 
[19/10/2021 18:11:16] - [CRITICAL] - <class 'KeyError'> 
[19/10/2021 18:12:00] - [CRITICAL] - <class 'KeyError'> 
[19/10/2021 18:14:02] - [CRITICAL] - <class 'KeyError'> 
[20/10/2021 15:59:56] - [CRITICAL] - <class 'SystemExit'> 
[20/10/2021 16:00:03] - [CRITICAL] - <class 'SystemExit'> 
[20/10/2021 16:00:46] - [CRITICAL] - <class 'SystemExit'> 
[20/10/2021 18:13:17] - [CRITICAL] - <class 'SystemExit'> 
[20/10/2021 18:13:41] - [CRITICAL] - <class 'SystemExit'> 
[20/10/2021 18:14:04] - [CRITICAL] - <class 'SystemExit'> 
[20/10/2021 18:14:44] - [CRITICAL] - <class 'SystemExit'> 
[20/10/2021 18:18:01] - [CRITICAL] - <class 'argparse.ArgumentError'> 
[20/10/2021 18:18:03] - [CRITICAL] - <class 'argparse.ArgumentError'> 
[20/10/2021 18:18:05] - [CRITICAL] - <class 'argparse.ArgumentError'> 
[20/10/2021 18:24:21] - [CRITICAL] - <class 'SystemExit'> 
[20/10/2021 18:25:27] - [CRITICAL] - <class 'argparse.ArgumentError'> 
[20/10/2021 18:25:42] - [CRITICAL] - <class 'SystemExit'> 
[20/10/2021 18:26:00] - [CRITICAL] - <class 'SystemExit'> 
[20/10/2021 18:28:14] - [CRITICAL] - <class 'AttributeError'> 
[20/10/2021 18:30:42] - [CRITICAL] - <class 'SystemExit'> 
[20/10/2021 18:33:42] - [CRITICAL] - <class 'SystemExit'> 
[20/10/2021 18:34:41] - [CRITICAL] - <class 'SystemExit'> 
[20/10/2021 18:39:36] - [CRITICAL] - <class 'SystemExit'> 
[21/10/2021 10:49:57] - [CRITICAL] - <class 'SystemExit'> 
[21/10/2021 10:50:07] - [CRITICAL] - <class 'SystemExit'> 
[21/10/2021 10:51:03] - [CRITICAL] - <class 'SystemExit'> 
[21/10/2021 10:51:46] - [CRITICAL] - <class 'SystemExit'> 
[21/10/2021 10:52:06] - [CRITICAL] - <class 'SystemExit'> 
[21/10/2021 10:55:46] - [CRITICAL] - <class 'SystemExit'> 
[21/10/2021 10:56:59] - [CRITICAL] - <class 'SystemExit'> 
[21/10/2021 11:01:14] - [CRITICAL] - <class 'SystemExit'> 
[21/10/2021 11:05:28] - [CRITICAL] - <class 'SystemExit'> 
[21/10/2021 11:05:43] - [CRITICAL] - <class 'SystemExit'> 
[21/10/2021 11:05:45] - [CRITICAL] - <class 'SystemExit'> 
[21/10/2021 11:05:51] - [CRITICAL] - <class 'SystemExit'> 
[21/10/2021 11:06:12] - [CRITICAL] - <class 'SystemExit'> 
[21/10/2021 11:06:32] - [CRITICAL] - <class 'SystemExit'> 
[21/10/2021 11:06:48] - [CRITICAL] - <class 'SystemExit'> 
[21/10/2021 11:08:08] - [CRITICAL] - <class 'SystemExit'> 
[21/10/2021 11:08:17] - [CRITICAL] - <class 'SystemExit'> 
[21/10/2021 11:08:44] - [CRITICAL] - <class 'SystemExit'> 
[21/10/2021 11:09:12] - [CRITICAL] - <class 'SystemExit'> 
[21/10/2021 11:09:51] - [CRITICAL] - <class 'SystemExit'> 
[21/10/2021 11:09:53] - [CRITICAL] - <class 'SystemExit'> 
[21/10/2021 11:10:04] - [CRITICAL] - <class 'SystemExit'> 
[21/10/2021 11:10:14] - [CRITICAL] - <class 'SystemExit'> 
[21/10/2021 11:22:33] - [CRITICAL] - <class 'SystemExit'> 
[21/10/2021 11:23:10] - [CRITICAL] - <class 'SystemExit'> 
[21/10/2021 12:01:48] - [CRITICAL] - <class 'SystemExit'> 
[21/10/2021 14:55:09] - [CRITICAL] - <class 'SystemExit'> 
[21/10/2021 15:20:49] - [CRITICAL] - <class 'SystemExit'> 
[21/10/2021 16:08:43] - [CRITICAL] - <class 'SystemExit'> 
